2020-04-03 11:03:43,758 Command createIndexes with request id 1622650073 started on server ('localhost', 27017)
2020-04-03 11:03:43,759 Command createIndexes with request id 1622650073 on server ('localhost', 27017) succeeded in 495 microseconds
2020-04-03 11:03:43,760 Command createIndexes with request id 984943658 started on server ('localhost', 27017)
2020-04-03 11:03:43,760 Command createIndexes with request id 984943658 on server ('localhost', 27017) succeeded in 333 microseconds
2020-04-03 11:03:43,760 Command createIndexes with request id 1144108930 started on server ('localhost', 27017)
2020-04-03 11:03:43,761 Command createIndexes with request id 1144108930 on server ('localhost', 27017) succeeded in 327 microseconds
2020-04-03 11:03:43,761 Command createIndexes with request id 470211272 started on server ('localhost', 27017)
2020-04-03 11:03:43,762 Command createIndexes with request id 470211272 on server ('localhost', 27017) succeeded in 304 microseconds
2020-04-03 11:03:43,762 Command endSessions with request id 101027544 started on server ('localhost', 27017)
2020-04-03 11:03:43,762 Command endSessions with request id 101027544 on server ('localhost', 27017) succeeded in 299 microseconds
2020-04-03 11:03:44,237 Command createIndexes with request id 2007237709 started on server ('52.91.26.227', 27017)
2020-04-03 11:03:44,321 Command createIndexes with request id 2007237709 on server ('52.91.26.227', 27017) succeeded in 83117 microseconds
2020-04-03 11:03:44,324 Command find with request id 823564440 started on server ('52.91.26.227', 27017)
2020-04-03 11:03:44,607 Command find with request id 823564440 on server ('52.91.26.227', 27017) succeeded in 282962 microseconds
2020-04-03 11:03:44,633 Command endSessions with request id 1784484492 started on server ('52.91.26.227', 27017)
2020-04-03 11:03:44,721 Command endSessions with request id 1784484492 on server ('52.91.26.227', 27017) succeeded in 87863 microseconds
2020-04-03 11:03:44,742 Data Successfully Loaded
2020-04-03 11:03:44,754 Command count with request id 1137522503 started on server ('localhost', 27017)
2020-04-03 11:03:44,757 Command count with request id 1137522503 on server ('localhost', 27017) succeeded in 2796 microseconds
2020-04-03 11:03:44,758 Command count with request id 1441282327 started on server ('localhost', 27017)
2020-04-03 11:03:44,758 Command count with request id 1441282327 on server ('localhost', 27017) succeeded in 615 microseconds
2020-04-03 11:03:44,759 Command count with request id 16531729 started on server ('localhost', 27017)
2020-04-03 11:03:44,760 Command count with request id 16531729 on server ('localhost', 27017) succeeded in 676 microseconds
2020-04-03 11:03:44,760 Command count with request id 823378840 started on server ('localhost', 27017)
2020-04-03 11:03:44,761 Command count with request id 823378840 on server ('localhost', 27017) succeeded in 582 microseconds
2020-04-03 11:03:44,762 Command count with request id 143542612 started on server ('localhost', 27017)
2020-04-03 11:03:44,763 Command count with request id 143542612 on server ('localhost', 27017) succeeded in 832 microseconds
2020-04-03 11:03:44,764 Command count with request id 896544303 started on server ('localhost', 27017)
2020-04-03 11:03:44,764 Command count with request id 896544303 on server ('localhost', 27017) succeeded in 620 microseconds
2020-04-03 11:03:44,765 Command count with request id 1474833169 started on server ('localhost', 27017)
2020-04-03 11:03:44,766 Command count with request id 1474833169 on server ('localhost', 27017) succeeded in 545 microseconds
2020-04-03 11:03:44,766 Command count with request id 1264817709 started on server ('localhost', 27017)
2020-04-03 11:03:44,767 Command count with request id 1264817709 on server ('localhost', 27017) succeeded in 496 microseconds
2020-04-03 11:03:44,767 Command count with request id 1998097157 started on server ('localhost', 27017)
2020-04-03 11:03:44,768 Command count with request id 1998097157 on server ('localhost', 27017) succeeded in 478 microseconds
2020-04-03 11:03:44,768 Command count with request id 1817129560 started on server ('localhost', 27017)
2020-04-03 11:03:44,770 Command count with request id 1817129560 on server ('localhost', 27017) succeeded in 1840 microseconds
2020-04-03 11:03:44,771 Command count with request id 1131570933 started on server ('localhost', 27017)
2020-04-03 11:03:44,772 Command count with request id 1131570933 on server ('localhost', 27017) succeeded in 592 microseconds
2020-04-03 11:03:44,773 Command count with request id 197493099 started on server ('localhost', 27017)
2020-04-03 11:03:44,773 Command count with request id 197493099 on server ('localhost', 27017) succeeded in 561 microseconds
2020-04-03 11:03:44,774 Command count with request id 1404280278 started on server ('localhost', 27017)
2020-04-03 11:03:44,774 Command count with request id 1404280278 on server ('localhost', 27017) succeeded in 517 microseconds
2020-04-03 11:03:44,775 Command count with request id 893351816 started on server ('localhost', 27017)
2020-04-03 11:03:44,775 Command count with request id 893351816 on server ('localhost', 27017) succeeded in 497 microseconds
2020-04-03 11:03:44,776 Command count with request id 1505795335 started on server ('localhost', 27017)
2020-04-03 11:03:44,777 Command count with request id 1505795335 on server ('localhost', 27017) succeeded in 652 microseconds
2020-04-03 11:03:44,777 Command count with request id 1954899097 started on server ('localhost', 27017)
2020-04-03 11:03:44,779 Command count with request id 1954899097 on server ('localhost', 27017) succeeded in 939 microseconds
2020-04-03 11:03:44,780 Command count with request id 1636807826 started on server ('localhost', 27017)
2020-04-03 11:03:44,780 Command count with request id 1636807826 on server ('localhost', 27017) succeeded in 625 microseconds
2020-04-03 11:03:44,781 Command count with request id 563613512 started on server ('localhost', 27017)
2020-04-03 11:03:44,782 Command count with request id 563613512 on server ('localhost', 27017) succeeded in 561 microseconds
2020-04-03 11:03:44,782 Command count with request id 101929267 started on server ('localhost', 27017)
2020-04-03 11:03:44,783 Command count with request id 101929267 on server ('localhost', 27017) succeeded in 574 microseconds
2020-04-03 11:03:44,783 Command count with request id 1580723810 started on server ('localhost', 27017)
2020-04-03 11:03:44,784 Command count with request id 1580723810 on server ('localhost', 27017) succeeded in 555 microseconds
2020-04-03 11:03:44,785 Command count with request id 704877633 started on server ('localhost', 27017)
2020-04-03 11:03:44,785 Command count with request id 704877633 on server ('localhost', 27017) succeeded in 578 microseconds
2020-04-03 11:03:44,786 Command count with request id 1358580979 started on server ('localhost', 27017)
2020-04-03 11:03:44,787 Command count with request id 1358580979 on server ('localhost', 27017) succeeded in 828 microseconds
2020-04-03 11:03:44,788 Command count with request id 1624379149 started on server ('localhost', 27017)
2020-04-03 11:03:44,789 Command count with request id 1624379149 on server ('localhost', 27017) succeeded in 574 microseconds
2020-04-03 11:03:44,789 Command count with request id 2128236579 started on server ('localhost', 27017)
2020-04-03 11:03:44,790 Command count with request id 2128236579 on server ('localhost', 27017) succeeded in 751 microseconds
2020-04-03 11:03:44,792 Command count with request id 784558821 started on server ('localhost', 27017)
2020-04-03 11:03:44,792 Command count with request id 784558821 on server ('localhost', 27017) succeeded in 710 microseconds
2020-04-03 11:03:44,794 Command count with request id 530511967 started on server ('localhost', 27017)
2020-04-03 11:03:44,795 Command count with request id 530511967 on server ('localhost', 27017) succeeded in 950 microseconds
2020-04-03 11:03:44,796 Command count with request id 2110010672 started on server ('localhost', 27017)
2020-04-03 11:03:44,796 Command count with request id 2110010672 on server ('localhost', 27017) succeeded in 589 microseconds
2020-04-03 11:03:44,797 Command count with request id 1551901393 started on server ('localhost', 27017)
2020-04-03 11:03:44,798 Command count with request id 1551901393 on server ('localhost', 27017) succeeded in 497 microseconds
2020-04-03 11:03:44,798 Command count with request id 1617819336 started on server ('localhost', 27017)
2020-04-03 11:03:44,799 Command count with request id 1617819336 on server ('localhost', 27017) succeeded in 503 microseconds
2020-04-03 11:03:44,799 Command count with request id 1399125485 started on server ('localhost', 27017)
2020-04-03 11:03:44,800 Command count with request id 1399125485 on server ('localhost', 27017) succeeded in 519 microseconds
2020-04-03 11:03:44,800 Command count with request id 156091745 started on server ('localhost', 27017)
2020-04-03 11:03:44,801 Command count with request id 156091745 on server ('localhost', 27017) succeeded in 500 microseconds
2020-04-03 11:03:44,801 Command count with request id 1356425228 started on server ('localhost', 27017)
2020-04-03 11:03:44,803 Command count with request id 1356425228 on server ('localhost', 27017) succeeded in 995 microseconds
2020-04-03 11:03:44,804 Command count with request id 1899894091 started on server ('localhost', 27017)
2020-04-03 11:03:44,806 Command count with request id 1899894091 on server ('localhost', 27017) succeeded in 1468 microseconds
2020-04-03 11:03:44,808 Command count with request id 585640194 started on server ('localhost', 27017)
2020-04-03 11:03:44,811 Command count with request id 585640194 on server ('localhost', 27017) succeeded in 2019 microseconds
2020-04-03 11:03:44,812 Command count with request id 937186357 started on server ('localhost', 27017)
2020-04-03 11:03:44,813 Command count with request id 937186357 on server ('localhost', 27017) succeeded in 650 microseconds
2020-04-03 11:03:44,813 Command count with request id 1646035001 started on server ('localhost', 27017)
2020-04-03 11:03:44,814 Command count with request id 1646035001 on server ('localhost', 27017) succeeded in 575 microseconds
2020-04-03 11:03:44,814 Command count with request id 1025921153 started on server ('localhost', 27017)
2020-04-03 11:03:44,815 Command count with request id 1025921153 on server ('localhost', 27017) succeeded in 569 microseconds
2020-04-03 11:03:44,816 Command count with request id 510616708 started on server ('localhost', 27017)
2020-04-03 11:03:44,816 Command count with request id 510616708 on server ('localhost', 27017) succeeded in 559 microseconds
2020-04-03 11:03:44,817 Command count with request id 590357944 started on server ('localhost', 27017)
2020-04-03 11:03:44,818 Command count with request id 590357944 on server ('localhost', 27017) succeeded in 549 microseconds
2020-04-03 11:03:44,819 Command count with request id 771515668 started on server ('localhost', 27017)
2020-04-03 11:03:44,819 Command count with request id 771515668 on server ('localhost', 27017) succeeded in 746 microseconds
2020-04-03 11:03:44,820 Command count with request id 357571490 started on server ('localhost', 27017)
2020-04-03 11:03:44,821 Command count with request id 357571490 on server ('localhost', 27017) succeeded in 738 microseconds
2020-04-03 11:03:44,821 Command count with request id 1044788124 started on server ('localhost', 27017)
2020-04-03 11:03:44,822 Command count with request id 1044788124 on server ('localhost', 27017) succeeded in 539 microseconds
2020-04-03 11:03:44,823 Command count with request id 1927702196 started on server ('localhost', 27017)
2020-04-03 11:03:44,824 Command count with request id 1927702196 on server ('localhost', 27017) succeeded in 797 microseconds
2020-04-03 11:03:44,825 Command count with request id 1952509530 started on server ('localhost', 27017)
2020-04-03 11:03:44,826 Command count with request id 1952509530 on server ('localhost', 27017) succeeded in 1173 microseconds
2020-04-03 11:03:44,827 Command count with request id 130060903 started on server ('localhost', 27017)
2020-04-03 11:03:44,827 Command count with request id 130060903 on server ('localhost', 27017) succeeded in 571 microseconds
2020-04-03 11:03:44,828 Command count with request id 1942727722 started on server ('localhost', 27017)
2020-04-03 11:03:44,829 Command count with request id 1942727722 on server ('localhost', 27017) succeeded in 524 microseconds
2020-04-03 11:03:44,829 Command count with request id 1083454666 started on server ('localhost', 27017)
2020-04-03 11:03:44,830 Command count with request id 1083454666 on server ('localhost', 27017) succeeded in 499 microseconds
2020-04-03 11:03:44,830 Command count with request id 1108728549 started on server ('localhost', 27017)
2020-04-03 11:03:44,831 Command count with request id 1108728549 on server ('localhost', 27017) succeeded in 506 microseconds
2020-04-03 11:03:44,831 Command count with request id 685118024 started on server ('localhost', 27017)
2020-04-03 11:03:44,832 Command count with request id 685118024 on server ('localhost', 27017) succeeded in 501 microseconds
2020-04-03 11:03:44,832 Command count with request id 2118797801 started on server ('localhost', 27017)
2020-04-03 11:03:44,833 Command count with request id 2118797801 on server ('localhost', 27017) succeeded in 500 microseconds
2020-04-03 11:03:44,833 Command count with request id 1060806853 started on server ('localhost', 27017)
2020-04-03 11:03:44,834 Command count with request id 1060806853 on server ('localhost', 27017) succeeded in 500 microseconds
2020-04-03 11:03:44,834 Command count with request id 571540977 started on server ('localhost', 27017)
2020-04-03 11:03:44,835 Command count with request id 571540977 on server ('localhost', 27017) succeeded in 503 microseconds
2020-04-03 11:03:44,835 Command count with request id 194847408 started on server ('localhost', 27017)
2020-04-03 11:03:44,836 Command count with request id 194847408 on server ('localhost', 27017) succeeded in 570 microseconds
2020-04-03 11:03:44,837 Command count with request id 2035308228 started on server ('localhost', 27017)
2020-04-03 11:03:44,838 Command count with request id 2035308228 on server ('localhost', 27017) succeeded in 1098 microseconds
2020-04-03 11:03:44,839 Command count with request id 158374933 started on server ('localhost', 27017)
2020-04-03 11:03:44,841 Command count with request id 158374933 on server ('localhost', 27017) succeeded in 1472 microseconds
2020-04-03 11:03:44,842 Command count with request id 1075260298 started on server ('localhost', 27017)
2020-04-03 11:03:44,843 Command count with request id 1075260298 on server ('localhost', 27017) succeeded in 737 microseconds
2020-04-03 11:03:44,844 Command count with request id 824938981 started on server ('localhost', 27017)
2020-04-03 11:03:44,844 Command count with request id 824938981 on server ('localhost', 27017) succeeded in 533 microseconds
2020-04-03 11:03:44,845 Command count with request id 595028635 started on server ('localhost', 27017)
2020-04-03 11:03:44,845 Command count with request id 595028635 on server ('localhost', 27017) succeeded in 484 microseconds
2020-04-03 11:03:44,846 Command count with request id 1962408013 started on server ('localhost', 27017)
2020-04-03 11:03:44,847 Command count with request id 1962408013 on server ('localhost', 27017) succeeded in 520 microseconds
2020-04-03 11:03:44,847 Command count with request id 1137623865 started on server ('localhost', 27017)
2020-04-03 11:03:44,848 Command count with request id 1137623865 on server ('localhost', 27017) succeeded in 528 microseconds
2020-04-03 11:03:44,848 Command count with request id 997389814 started on server ('localhost', 27017)
2020-04-03 11:03:44,849 Command count with request id 997389814 on server ('localhost', 27017) succeeded in 506 microseconds
2020-04-03 11:03:44,849 Command count with request id 2020739063 started on server ('localhost', 27017)
2020-04-03 11:03:44,850 Command count with request id 2020739063 on server ('localhost', 27017) succeeded in 569 microseconds
2020-04-03 11:03:44,850 Command count with request id 107554536 started on server ('localhost', 27017)
2020-04-03 11:03:44,851 Command count with request id 107554536 on server ('localhost', 27017) succeeded in 508 microseconds
2020-04-03 11:03:44,851 Command count with request id 1635339425 started on server ('localhost', 27017)
2020-04-03 11:03:44,852 Command count with request id 1635339425 on server ('localhost', 27017) succeeded in 543 microseconds
2020-04-03 11:03:44,853 Command count with request id 1654001669 started on server ('localhost', 27017)
2020-04-03 11:03:44,853 Command count with request id 1654001669 on server ('localhost', 27017) succeeded in 486 microseconds
2020-04-03 11:03:44,854 Command count with request id 1777724115 started on server ('localhost', 27017)
2020-04-03 11:03:44,854 Command count with request id 1777724115 on server ('localhost', 27017) succeeded in 496 microseconds
2020-04-03 11:03:44,855 Command count with request id 269220094 started on server ('localhost', 27017)
2020-04-03 11:03:44,855 Command count with request id 269220094 on server ('localhost', 27017) succeeded in 541 microseconds
2020-04-03 11:03:44,856 Command count with request id 34075629 started on server ('localhost', 27017)
2020-04-03 11:03:44,856 Command count with request id 34075629 on server ('localhost', 27017) succeeded in 553 microseconds
2020-04-03 11:03:44,857 Command count with request id 1478446501 started on server ('localhost', 27017)
2020-04-03 11:03:44,858 Command count with request id 1478446501 on server ('localhost', 27017) succeeded in 547 microseconds
2020-04-03 11:03:44,858 Command count with request id 1864546517 started on server ('localhost', 27017)
2020-04-03 11:03:44,859 Command count with request id 1864546517 on server ('localhost', 27017) succeeded in 513 microseconds
2020-04-03 11:03:44,859 Command count with request id 1351934195 started on server ('localhost', 27017)
2020-04-03 11:03:44,860 Command count with request id 1351934195 on server ('localhost', 27017) succeeded in 503 microseconds
2020-04-03 11:03:44,860 Command count with request id 1581030105 started on server ('localhost', 27017)
2020-04-03 11:03:44,861 Command count with request id 1581030105 on server ('localhost', 27017) succeeded in 547 microseconds
2020-04-03 11:03:44,861 Command count with request id 1557810404 started on server ('localhost', 27017)
2020-04-03 11:03:44,862 Command count with request id 1557810404 on server ('localhost', 27017) succeeded in 512 microseconds
2020-04-03 11:03:44,862 Command count with request id 2146319451 started on server ('localhost', 27017)
2020-04-03 11:03:44,863 Command count with request id 2146319451 on server ('localhost', 27017) succeeded in 492 microseconds
2020-04-03 11:03:44,863 Command count with request id 1908194298 started on server ('localhost', 27017)
2020-04-03 11:03:44,864 Command count with request id 1908194298 on server ('localhost', 27017) succeeded in 500 microseconds
2020-04-03 11:03:44,865 Command count with request id 500782188 started on server ('localhost', 27017)
2020-04-03 11:03:44,865 Command count with request id 500782188 on server ('localhost', 27017) succeeded in 556 microseconds
2020-04-03 11:03:44,866 Command count with request id 657821123 started on server ('localhost', 27017)
2020-04-03 11:03:44,866 Command count with request id 657821123 on server ('localhost', 27017) succeeded in 526 microseconds
2020-04-03 11:03:44,867 Command count with request id 753799505 started on server ('localhost', 27017)
2020-04-03 11:03:44,867 Command count with request id 753799505 on server ('localhost', 27017) succeeded in 485 microseconds
2020-04-03 11:03:44,868 Command count with request id 1102246882 started on server ('localhost', 27017)
2020-04-03 11:03:44,868 Command count with request id 1102246882 on server ('localhost', 27017) succeeded in 478 microseconds
2020-04-03 11:03:44,869 Command count with request id 1269406752 started on server ('localhost', 27017)
2020-04-03 11:03:44,869 Command count with request id 1269406752 on server ('localhost', 27017) succeeded in 500 microseconds
2020-04-03 11:03:44,870 Command count with request id 1816731566 started on server ('localhost', 27017)
2020-04-03 11:03:44,870 Command count with request id 1816731566 on server ('localhost', 27017) succeeded in 504 microseconds
2020-04-03 11:03:44,871 Command count with request id 884936716 started on server ('localhost', 27017)
2020-04-03 11:03:44,871 Command count with request id 884936716 on server ('localhost', 27017) succeeded in 508 microseconds
2020-04-03 11:03:44,872 Command count with request id 1807130337 started on server ('localhost', 27017)
2020-04-03 11:03:44,872 Command count with request id 1807130337 on server ('localhost', 27017) succeeded in 492 microseconds
2020-04-03 11:03:44,873 Command count with request id 578354438 started on server ('localhost', 27017)
2020-04-03 11:03:44,874 Command count with request id 578354438 on server ('localhost', 27017) succeeded in 554 microseconds
2020-04-03 11:03:44,874 Command count with request id 892053144 started on server ('localhost', 27017)
2020-04-03 11:03:44,875 Command count with request id 892053144 on server ('localhost', 27017) succeeded in 601 microseconds
2020-04-03 11:03:44,876 Command count with request id 1153851501 started on server ('localhost', 27017)
2020-04-03 11:03:44,876 Command count with request id 1153851501 on server ('localhost', 27017) succeeded in 488 microseconds
2020-04-03 11:03:44,877 Command count with request id 1004844897 started on server ('localhost', 27017)
2020-04-03 11:03:44,877 Command count with request id 1004844897 on server ('localhost', 27017) succeeded in 503 microseconds
2020-04-03 11:03:44,878 Command count with request id 616783871 started on server ('localhost', 27017)
2020-04-03 11:03:44,878 Command count with request id 616783871 on server ('localhost', 27017) succeeded in 499 microseconds
2020-04-03 11:03:44,879 Command count with request id 382955828 started on server ('localhost', 27017)
2020-04-03 11:03:44,879 Command count with request id 382955828 on server ('localhost', 27017) succeeded in 509 microseconds
2020-04-03 11:03:44,880 Command count with request id 330111137 started on server ('localhost', 27017)
2020-04-03 11:03:44,880 Command count with request id 330111137 on server ('localhost', 27017) succeeded in 485 microseconds
2020-04-03 11:03:44,881 Command count with request id 1227619358 started on server ('localhost', 27017)
2020-04-03 11:03:44,882 Command count with request id 1227619358 on server ('localhost', 27017) succeeded in 477 microseconds
2020-04-03 11:03:44,882 Command count with request id 1723153177 started on server ('localhost', 27017)
2020-04-03 11:03:44,882 Command count with request id 1723153177 on server ('localhost', 27017) succeeded in 461 microseconds
2020-04-03 11:03:44,883 Command count with request id 70982397 started on server ('localhost', 27017)
2020-04-03 11:03:44,883 Command count with request id 70982397 on server ('localhost', 27017) succeeded in 472 microseconds
2020-04-03 11:03:44,884 Command count with request id 1147722294 started on server ('localhost', 27017)
2020-04-03 11:03:44,884 Command count with request id 1147722294 on server ('localhost', 27017) succeeded in 475 microseconds
2020-04-03 11:03:44,885 Command count with request id 1070477904 started on server ('localhost', 27017)
2020-04-03 11:03:44,886 Command count with request id 1070477904 on server ('localhost', 27017) succeeded in 823 microseconds
2020-04-03 11:03:44,887 Command count with request id 2051621609 started on server ('localhost', 27017)
2020-04-03 11:03:44,887 Command count with request id 2051621609 on server ('localhost', 27017) succeeded in 638 microseconds
2020-04-03 11:03:44,888 Command count with request id 1606946231 started on server ('localhost', 27017)
2020-04-03 11:03:44,888 Command count with request id 1606946231 on server ('localhost', 27017) succeeded in 488 microseconds
2020-04-03 11:03:44,889 Command count with request id 1190959745 started on server ('localhost', 27017)
2020-04-03 11:03:44,889 Command count with request id 1190959745 on server ('localhost', 27017) succeeded in 530 microseconds
2020-04-03 11:03:44,890 Command count with request id 1912844175 started on server ('localhost', 27017)
2020-04-03 11:03:44,891 Command count with request id 1912844175 on server ('localhost', 27017) succeeded in 578 microseconds
2020-04-03 11:03:44,891 Command count with request id 1341853635 started on server ('localhost', 27017)
2020-04-03 11:03:44,892 Command count with request id 1341853635 on server ('localhost', 27017) succeeded in 541 microseconds
2020-04-03 11:03:44,892 Command count with request id 1808266298 started on server ('localhost', 27017)
2020-04-03 11:03:44,893 Command count with request id 1808266298 on server ('localhost', 27017) succeeded in 508 microseconds
2020-04-03 11:03:44,894 Command count with request id 343098142 started on server ('localhost', 27017)
2020-04-03 11:03:44,894 Command count with request id 343098142 on server ('localhost', 27017) succeeded in 557 microseconds
2020-04-03 11:03:44,895 Command count with request id 456880399 started on server ('localhost', 27017)
2020-04-03 11:03:44,895 Command count with request id 456880399 on server ('localhost', 27017) succeeded in 549 microseconds
2020-04-03 11:03:44,896 Command count with request id 1534827968 started on server ('localhost', 27017)
2020-04-03 11:03:44,896 Command count with request id 1534827968 on server ('localhost', 27017) succeeded in 512 microseconds
2020-04-03 11:03:44,897 Command count with request id 280090412 started on server ('localhost', 27017)
2020-04-03 11:03:44,897 Command count with request id 280090412 on server ('localhost', 27017) succeeded in 517 microseconds
2020-04-03 11:03:44,898 Command count with request id 195400260 started on server ('localhost', 27017)
2020-04-03 11:03:44,898 Command count with request id 195400260 on server ('localhost', 27017) succeeded in 504 microseconds
2020-04-03 11:03:44,899 Command count with request id 589673557 started on server ('localhost', 27017)
2020-04-03 11:03:44,899 Command count with request id 589673557 on server ('localhost', 27017) succeeded in 478 microseconds
2020-04-03 11:03:44,900 Command count with request id 6441594 started on server ('localhost', 27017)
2020-04-03 11:03:44,900 Command count with request id 6441594 on server ('localhost', 27017) succeeded in 476 microseconds
2020-04-03 11:03:44,901 Command count with request id 889688008 started on server ('localhost', 27017)
2020-04-03 11:03:44,902 Command count with request id 889688008 on server ('localhost', 27017) succeeded in 521 microseconds
2020-04-03 11:03:44,902 Command count with request id 57716395 started on server ('localhost', 27017)
2020-04-03 11:03:44,903 Command count with request id 57716395 on server ('localhost', 27017) succeeded in 513 microseconds
2020-04-03 11:03:44,903 Command count with request id 1524325968 started on server ('localhost', 27017)
2020-04-03 11:03:44,904 Command count with request id 1524325968 on server ('localhost', 27017) succeeded in 492 microseconds
2020-04-03 11:03:44,904 Command count with request id 2014119113 started on server ('localhost', 27017)
2020-04-03 11:03:44,905 Command count with request id 2014119113 on server ('localhost', 27017) succeeded in 619 microseconds
2020-04-03 11:03:44,906 Command count with request id 515204530 started on server ('localhost', 27017)
2020-04-03 11:03:44,906 Command count with request id 515204530 on server ('localhost', 27017) succeeded in 544 microseconds
2020-04-03 11:03:44,907 Command count with request id 388471006 started on server ('localhost', 27017)
2020-04-03 11:03:44,908 Command count with request id 388471006 on server ('localhost', 27017) succeeded in 649 microseconds
2020-04-03 11:03:44,909 Command count with request id 681910962 started on server ('localhost', 27017)
2020-04-03 11:03:44,909 Command count with request id 681910962 on server ('localhost', 27017) succeeded in 570 microseconds
2020-04-03 11:03:44,910 Command count with request id 1904797942 started on server ('localhost', 27017)
2020-04-03 11:03:44,910 Command count with request id 1904797942 on server ('localhost', 27017) succeeded in 501 microseconds
2020-04-03 11:03:44,911 Command count with request id 1400285365 started on server ('localhost', 27017)
2020-04-03 11:03:44,911 Command count with request id 1400285365 on server ('localhost', 27017) succeeded in 557 microseconds
2020-04-03 11:03:44,912 Command count with request id 322842082 started on server ('localhost', 27017)
2020-04-03 11:03:44,913 Command count with request id 322842082 on server ('localhost', 27017) succeeded in 491 microseconds
2020-04-03 11:03:44,913 Command count with request id 1463179852 started on server ('localhost', 27017)
2020-04-03 11:03:44,914 Command count with request id 1463179852 on server ('localhost', 27017) succeeded in 501 microseconds
2020-04-03 11:03:44,914 Command count with request id 828530767 started on server ('localhost', 27017)
2020-04-03 11:03:44,915 Command count with request id 828530767 on server ('localhost', 27017) succeeded in 505 microseconds
2020-04-03 11:03:44,915 Command count with request id 832633821 started on server ('localhost', 27017)
2020-04-03 11:03:44,916 Command count with request id 832633821 on server ('localhost', 27017) succeeded in 503 microseconds
2020-04-03 11:03:44,916 Command count with request id 1073185695 started on server ('localhost', 27017)
2020-04-03 11:03:44,917 Command count with request id 1073185695 on server ('localhost', 27017) succeeded in 466 microseconds
2020-04-03 11:03:44,917 Command count with request id 316824712 started on server ('localhost', 27017)
2020-04-03 11:03:44,918 Command count with request id 316824712 on server ('localhost', 27017) succeeded in 552 microseconds
2020-04-03 11:03:44,918 Command count with request id 1260973671 started on server ('localhost', 27017)
2020-04-03 11:03:44,919 Command count with request id 1260973671 on server ('localhost', 27017) succeeded in 477 microseconds
2020-04-03 11:03:44,919 Command count with request id 1815859901 started on server ('localhost', 27017)
2020-04-03 11:03:44,920 Command count with request id 1815859901 on server ('localhost', 27017) succeeded in 488 microseconds
2020-04-03 11:03:44,920 Command count with request id 1267248590 started on server ('localhost', 27017)
2020-04-03 11:03:44,921 Command count with request id 1267248590 on server ('localhost', 27017) succeeded in 505 microseconds
2020-04-03 11:03:44,921 Command count with request id 2051724831 started on server ('localhost', 27017)
2020-04-03 11:03:44,922 Command count with request id 2051724831 on server ('localhost', 27017) succeeded in 509 microseconds
2020-04-03 11:03:44,922 Command count with request id 1194314738 started on server ('localhost', 27017)
2020-04-03 11:03:44,923 Command count with request id 1194314738 on server ('localhost', 27017) succeeded in 622 microseconds
2020-04-03 11:03:44,924 Command count with request id 318153057 started on server ('localhost', 27017)
2020-04-03 11:03:44,924 Command count with request id 318153057 on server ('localhost', 27017) succeeded in 623 microseconds
2020-04-03 11:03:44,925 Command count with request id 2111631616 started on server ('localhost', 27017)
2020-04-03 11:03:44,926 Command count with request id 2111631616 on server ('localhost', 27017) succeeded in 542 microseconds
2020-04-03 11:03:44,926 Command count with request id 877819790 started on server ('localhost', 27017)
2020-04-03 11:03:44,927 Command count with request id 877819790 on server ('localhost', 27017) succeeded in 474 microseconds
2020-04-03 11:03:44,927 Command count with request id 304555640 started on server ('localhost', 27017)
2020-04-03 11:03:44,928 Command count with request id 304555640 on server ('localhost', 27017) succeeded in 616 microseconds
2020-04-03 11:03:44,928 Command count with request id 1213110679 started on server ('localhost', 27017)
2020-04-03 11:03:44,929 Command count with request id 1213110679 on server ('localhost', 27017) succeeded in 546 microseconds
2020-04-03 11:03:44,930 Command count with request id 541437335 started on server ('localhost', 27017)
2020-04-03 11:03:44,930 Command count with request id 541437335 on server ('localhost', 27017) succeeded in 500 microseconds
2020-04-03 11:03:44,931 Command count with request id 1049077006 started on server ('localhost', 27017)
2020-04-03 11:03:44,931 Command count with request id 1049077006 on server ('localhost', 27017) succeeded in 505 microseconds
2020-04-03 11:03:44,932 Command count with request id 996497972 started on server ('localhost', 27017)
2020-04-03 11:03:44,932 Command count with request id 996497972 on server ('localhost', 27017) succeeded in 505 microseconds
2020-04-03 11:03:44,933 Command count with request id 2063936098 started on server ('localhost', 27017)
2020-04-03 11:03:44,933 Command count with request id 2063936098 on server ('localhost', 27017) succeeded in 497 microseconds
2020-04-03 11:03:44,934 Command count with request id 270649095 started on server ('localhost', 27017)
2020-04-03 11:03:44,934 Command count with request id 270649095 on server ('localhost', 27017) succeeded in 570 microseconds
2020-04-03 11:03:44,935 Command count with request id 428975319 started on server ('localhost', 27017)
2020-04-03 11:03:44,936 Command count with request id 428975319 on server ('localhost', 27017) succeeded in 548 microseconds
2020-04-03 11:03:44,936 Command count with request id 685583454 started on server ('localhost', 27017)
2020-04-03 11:03:44,937 Command count with request id 685583454 on server ('localhost', 27017) succeeded in 508 microseconds
2020-04-03 11:03:44,937 Command count with request id 1351345223 started on server ('localhost', 27017)
2020-04-03 11:03:44,938 Command count with request id 1351345223 on server ('localhost', 27017) succeeded in 516 microseconds
2020-04-03 11:03:44,938 Command count with request id 272112289 started on server ('localhost', 27017)
2020-04-03 11:03:44,939 Command count with request id 272112289 on server ('localhost', 27017) succeeded in 506 microseconds
2020-04-03 11:03:44,939 Command count with request id 1398556760 started on server ('localhost', 27017)
2020-04-03 11:03:44,940 Command count with request id 1398556760 on server ('localhost', 27017) succeeded in 561 microseconds
2020-04-03 11:03:44,941 Command count with request id 1334948905 started on server ('localhost', 27017)
2020-04-03 11:03:44,942 Command count with request id 1334948905 on server ('localhost', 27017) succeeded in 927 microseconds
2020-04-03 11:03:44,943 Command count with request id 1724586126 started on server ('localhost', 27017)
2020-04-03 11:03:44,943 Command count with request id 1724586126 on server ('localhost', 27017) succeeded in 635 microseconds
2020-04-03 11:03:44,944 Command count with request id 532236123 started on server ('localhost', 27017)
2020-04-03 11:03:44,944 Command count with request id 532236123 on server ('localhost', 27017) succeeded in 518 microseconds
2020-04-03 11:03:44,945 Command count with request id 1023129506 started on server ('localhost', 27017)
2020-04-03 11:03:44,946 Command count with request id 1023129506 on server ('localhost', 27017) succeeded in 571 microseconds
2020-04-03 11:03:44,946 Command count with request id 836045813 started on server ('localhost', 27017)
2020-04-03 11:03:44,947 Command count with request id 836045813 on server ('localhost', 27017) succeeded in 497 microseconds
2020-04-03 11:03:44,947 Command count with request id 436476770 started on server ('localhost', 27017)
2020-04-03 11:03:44,948 Command count with request id 436476770 on server ('localhost', 27017) succeeded in 505 microseconds
2020-04-03 11:03:44,948 Command count with request id 60935238 started on server ('localhost', 27017)
2020-04-03 11:03:44,949 Command count with request id 60935238 on server ('localhost', 27017) succeeded in 506 microseconds
2020-04-03 11:03:44,949 Command count with request id 1936329094 started on server ('localhost', 27017)
2020-04-03 11:03:44,950 Command count with request id 1936329094 on server ('localhost', 27017) succeeded in 497 microseconds
2020-04-03 11:03:44,950 Command count with request id 915896220 started on server ('localhost', 27017)
2020-04-03 11:03:44,951 Command count with request id 915896220 on server ('localhost', 27017) succeeded in 500 microseconds
2020-04-03 11:03:44,951 Command count with request id 304987844 started on server ('localhost', 27017)
2020-04-03 11:03:44,952 Command count with request id 304987844 on server ('localhost', 27017) succeeded in 504 microseconds
2020-04-03 11:03:44,952 Command count with request id 2034712366 started on server ('localhost', 27017)
2020-04-03 11:03:44,953 Command count with request id 2034712366 on server ('localhost', 27017) succeeded in 506 microseconds
2020-04-03 11:03:44,953 Command count with request id 881140534 started on server ('localhost', 27017)
2020-04-03 11:03:44,954 Command count with request id 881140534 on server ('localhost', 27017) succeeded in 503 microseconds
2020-04-03 11:03:44,955 Command aggregate with request id 281725226 started on server ('localhost', 27017)
2020-04-03 11:03:45,568 Command aggregate with request id 281725226 on server ('localhost', 27017) succeeded in 612922 microseconds
2020-04-03 11:03:45,571 Command getMore with request id 197941363 started on server ('localhost', 27017)
2020-04-03 11:03:45,675 Command getMore with request id 197941363 on server ('localhost', 27017) succeeded in 104384 microseconds
2020-04-03 11:03:45,838 Command count with request id 348318738 started on server ('localhost', 27017)
2020-04-03 11:03:45,839 Command count with request id 348318738 on server ('localhost', 27017) succeeded in 552 microseconds
2020-04-03 11:03:45,839 Using selector: KqueueSelector
2020-04-03 11:03:49,431 Command insert with request id 152607844 started on server ('localhost', 27017)
2020-04-03 11:03:49,515 Command insert with request id 152607844 on server ('localhost', 27017) succeeded in 758586 microseconds
2020-04-03 11:03:53,154 Command insert with request id 784559590 started on server ('localhost', 27017)
2020-04-03 11:03:53,216 Command insert with request id 784559590 on server ('localhost', 27017) succeeded in 770012 microseconds
2020-04-03 11:03:57,132 Command insert with request id 290145159 started on server ('localhost', 27017)
2020-04-03 11:03:57,256 Command insert with request id 290145159 on server ('localhost', 27017) succeeded in 772640 microseconds
2020-04-03 11:04:00,843 Command insert with request id 1681808623 started on server ('localhost', 27017)
2020-04-03 11:04:00,910 Command insert with request id 1681808623 on server ('localhost', 27017) succeeded in 721116 microseconds
2020-04-03 11:04:04,066 Command insert with request id 977764947 started on server ('localhost', 27017)
2020-04-03 11:04:04,203 Command insert with request id 977764947 on server ('localhost', 27017) succeeded in 790309 microseconds
2020-04-03 11:04:07,729 Command insert with request id 971307217 started on server ('localhost', 27017)
2020-04-03 11:04:07,799 Command insert with request id 971307217 on server ('localhost', 27017) succeeded in 731337 microseconds
2020-04-03 11:04:11,470 Command insert with request id 1737195272 started on server ('localhost', 27017)
2020-04-03 11:04:11,640 Command insert with request id 1737195272 on server ('localhost', 27017) succeeded in 842751 microseconds
2020-04-03 11:04:15,475 Command insert with request id 2000755539 started on server ('localhost', 27017)
2020-04-03 11:04:15,531 Command insert with request id 2000755539 on server ('localhost', 27017) succeeded in 742051 microseconds
2020-04-03 11:04:19,453 Command insert with request id 462242385 started on server ('localhost', 27017)
2020-04-03 11:04:19,600 Command insert with request id 462242385 on server ('localhost', 27017) succeeded in 816895 microseconds
2020-04-03 11:04:22,939 Command insert with request id 1459413496 started on server ('localhost', 27017)
2020-04-03 11:04:22,999 Command insert with request id 1459413496 on server ('localhost', 27017) succeeded in 730037 microseconds
2020-04-03 11:04:26,070 Command insert with request id 1951894885 started on server ('localhost', 27017)
2020-04-03 11:04:26,206 Command insert with request id 1951894885 on server ('localhost', 27017) succeeded in 785842 microseconds
2020-04-03 11:04:29,153 Command insert with request id 1848682420 started on server ('localhost', 27017)
2020-04-03 11:04:29,219 Command insert with request id 1848682420 on server ('localhost', 27017) succeeded in 636817 microseconds
2020-04-03 11:04:29,582 Command aggregate with request id 1012028144 started on server ('localhost', 27017)
2020-04-03 11:04:33,344 Command aggregate with request id 1012028144 on server ('localhost', 27017) succeeded in 3759647 microseconds
2020-04-03 11:04:33,351 Command getMore with request id 1086531968 started on server ('localhost', 27017)
2020-04-03 11:04:34,388 Command getMore with request id 1086531968 on server ('localhost', 27017) succeeded in 1037118 microseconds
2020-04-03 11:04:34,395 Command getMore with request id 1289335735 started on server ('localhost', 27017)
2020-04-03 11:04:35,295 Command getMore with request id 1289335735 on server ('localhost', 27017) succeeded in 899850 microseconds
2020-04-03 11:04:35,305 Command getMore with request id 1755699915 started on server ('localhost', 27017)
2020-04-03 11:04:36,187 Command getMore with request id 1755699915 on server ('localhost', 27017) succeeded in 881877 microseconds
2020-04-03 11:04:37,872 Command count with request id 992663534 started on server ('localhost', 27017)
2020-04-03 11:04:37,874 Command count with request id 992663534 on server ('localhost', 27017) succeeded in 2070 microseconds
2020-04-03 11:04:37,875 Command count with request id 2043046042 started on server ('localhost', 27017)
2020-04-03 11:04:37,875 Command count with request id 2043046042 on server ('localhost', 27017) succeeded in 584 microseconds
2020-04-03 11:04:37,876 Command count with request id 1358796011 started on server ('localhost', 27017)
2020-04-03 11:04:37,877 Command count with request id 1358796011 on server ('localhost', 27017) succeeded in 594 microseconds
2020-04-03 11:04:37,877 Command count with request id 943454679 started on server ('localhost', 27017)
2020-04-03 11:04:37,878 Command count with request id 943454679 on server ('localhost', 27017) succeeded in 548 microseconds
2020-04-03 11:04:37,878 Command count with request id 1771024152 started on server ('localhost', 27017)
2020-04-03 11:04:37,879 Command count with request id 1771024152 on server ('localhost', 27017) succeeded in 521 microseconds
2020-04-03 11:04:37,879 Command count with request id 1479575244 started on server ('localhost', 27017)
2020-04-03 11:04:37,880 Command count with request id 1479575244 on server ('localhost', 27017) succeeded in 488 microseconds
2020-04-03 11:04:37,880 Command count with request id 1507977295 started on server ('localhost', 27017)
2020-04-03 11:04:37,881 Command count with request id 1507977295 on server ('localhost', 27017) succeeded in 510 microseconds
2020-04-03 11:04:37,881 Command count with request id 2119878818 started on server ('localhost', 27017)
2020-04-03 11:04:37,882 Command count with request id 2119878818 on server ('localhost', 27017) succeeded in 510 microseconds
2020-04-03 11:04:37,882 Command count with request id 2049590396 started on server ('localhost', 27017)
2020-04-03 11:04:37,883 Command count with request id 2049590396 on server ('localhost', 27017) succeeded in 573 microseconds
2020-04-03 11:04:37,884 Command count with request id 1828087692 started on server ('localhost', 27017)
2020-04-03 11:04:37,884 Command count with request id 1828087692 on server ('localhost', 27017) succeeded in 571 microseconds
2020-04-03 11:04:37,885 Command count with request id 621301815 started on server ('localhost', 27017)
2020-04-03 11:04:37,885 Command count with request id 621301815 on server ('localhost', 27017) succeeded in 533 microseconds
2020-04-03 11:04:37,886 Command count with request id 1154112991 started on server ('localhost', 27017)
2020-04-03 11:04:37,887 Command count with request id 1154112991 on server ('localhost', 27017) succeeded in 628 microseconds
2020-04-03 11:04:37,887 Command count with request id 1104740033 started on server ('localhost', 27017)
2020-04-03 11:04:37,888 Command count with request id 1104740033 on server ('localhost', 27017) succeeded in 542 microseconds
2020-04-03 11:04:37,889 Command count with request id 222122669 started on server ('localhost', 27017)
2020-04-03 11:04:37,889 Command count with request id 222122669 on server ('localhost', 27017) succeeded in 506 microseconds
2020-04-03 11:04:37,890 Command count with request id 889119397 started on server ('localhost', 27017)
2020-04-03 11:04:37,890 Command count with request id 889119397 on server ('localhost', 27017) succeeded in 487 microseconds
2020-04-03 11:04:37,891 Command count with request id 1238489553 started on server ('localhost', 27017)
2020-04-03 11:04:37,891 Command count with request id 1238489553 on server ('localhost', 27017) succeeded in 479 microseconds
2020-04-03 11:04:37,892 Command count with request id 1882410547 started on server ('localhost', 27017)
2020-04-03 11:04:37,892 Command count with request id 1882410547 on server ('localhost', 27017) succeeded in 524 microseconds
2020-04-03 11:04:37,893 Command count with request id 944975825 started on server ('localhost', 27017)
2020-04-03 11:04:37,893 Command count with request id 944975825 on server ('localhost', 27017) succeeded in 572 microseconds
2020-04-03 11:04:37,894 Command count with request id 1567121210 started on server ('localhost', 27017)
2020-04-03 11:04:37,895 Command count with request id 1567121210 on server ('localhost', 27017) succeeded in 515 microseconds
2020-04-03 11:04:37,895 Command count with request id 1866729662 started on server ('localhost', 27017)
2020-04-03 11:04:37,896 Command count with request id 1866729662 on server ('localhost', 27017) succeeded in 512 microseconds
2020-04-03 11:04:37,896 Command count with request id 1536830211 started on server ('localhost', 27017)
2020-04-03 11:04:37,897 Command count with request id 1536830211 on server ('localhost', 27017) succeeded in 501 microseconds
2020-04-03 11:04:37,897 Command count with request id 1719533808 started on server ('localhost', 27017)
2020-04-03 11:04:37,898 Command count with request id 1719533808 on server ('localhost', 27017) succeeded in 534 microseconds
2020-04-03 11:04:37,898 Command count with request id 1517273377 started on server ('localhost', 27017)
2020-04-03 11:04:37,899 Command count with request id 1517273377 on server ('localhost', 27017) succeeded in 488 microseconds
2020-04-03 11:04:37,899 Command count with request id 1592822761 started on server ('localhost', 27017)
2020-04-03 11:04:37,900 Command count with request id 1592822761 on server ('localhost', 27017) succeeded in 495 microseconds
2020-04-03 11:04:37,900 Command count with request id 41000625 started on server ('localhost', 27017)
2020-04-03 11:04:37,901 Command count with request id 41000625 on server ('localhost', 27017) succeeded in 571 microseconds
2020-04-03 11:04:37,902 Command count with request id 1902737335 started on server ('localhost', 27017)
2020-04-03 11:04:37,903 Command count with request id 1902737335 on server ('localhost', 27017) succeeded in 634 microseconds
2020-04-03 11:04:37,903 Command count with request id 1127401868 started on server ('localhost', 27017)
2020-04-03 11:04:37,904 Command count with request id 1127401868 on server ('localhost', 27017) succeeded in 510 microseconds
2020-04-03 11:04:37,904 Command count with request id 994977995 started on server ('localhost', 27017)
2020-04-03 11:04:37,905 Command count with request id 994977995 on server ('localhost', 27017) succeeded in 516 microseconds
2020-04-03 11:04:37,906 Command count with request id 140002776 started on server ('localhost', 27017)
2020-04-03 11:04:37,907 Command count with request id 140002776 on server ('localhost', 27017) succeeded in 832 microseconds
2020-04-03 11:04:37,908 Command count with request id 1532062767 started on server ('localhost', 27017)
2020-04-03 11:04:37,908 Command count with request id 1532062767 on server ('localhost', 27017) succeeded in 577 microseconds
2020-04-03 11:04:37,909 Command count with request id 1049997439 started on server ('localhost', 27017)
2020-04-03 11:04:37,909 Command count with request id 1049997439 on server ('localhost', 27017) succeeded in 551 microseconds
2020-04-03 11:04:37,910 Command count with request id 1433829874 started on server ('localhost', 27017)
2020-04-03 11:04:37,911 Command count with request id 1433829874 on server ('localhost', 27017) succeeded in 582 microseconds
2020-04-03 11:04:37,911 Command count with request id 1464689331 started on server ('localhost', 27017)
2020-04-03 11:04:37,912 Command count with request id 1464689331 on server ('localhost', 27017) succeeded in 565 microseconds
2020-04-03 11:04:37,913 Command count with request id 428540556 started on server ('localhost', 27017)
2020-04-03 11:04:37,913 Command count with request id 428540556 on server ('localhost', 27017) succeeded in 568 microseconds
2020-04-03 11:04:37,914 Command count with request id 1968456301 started on server ('localhost', 27017)
2020-04-03 11:04:37,915 Command count with request id 1968456301 on server ('localhost', 27017) succeeded in 823 microseconds
2020-04-03 11:04:37,916 Command count with request id 1859468872 started on server ('localhost', 27017)
2020-04-03 11:04:37,916 Command count with request id 1859468872 on server ('localhost', 27017) succeeded in 634 microseconds
2020-04-03 11:04:37,917 Command count with request id 1911300560 started on server ('localhost', 27017)
2020-04-03 11:04:37,918 Command count with request id 1911300560 on server ('localhost', 27017) succeeded in 777 microseconds
2020-04-03 11:04:37,920 Command count with request id 1168120094 started on server ('localhost', 27017)
2020-04-03 11:04:37,922 Command count with request id 1168120094 on server ('localhost', 27017) succeeded in 1256 microseconds
2020-04-03 11:04:37,923 Command count with request id 298918984 started on server ('localhost', 27017)
2020-04-03 11:04:37,924 Command count with request id 298918984 on server ('localhost', 27017) succeeded in 625 microseconds
2020-04-03 11:04:37,925 Command count with request id 967113755 started on server ('localhost', 27017)
2020-04-03 11:04:37,925 Command count with request id 967113755 on server ('localhost', 27017) succeeded in 679 microseconds
2020-04-03 11:04:37,926 Command count with request id 2124639789 started on server ('localhost', 27017)
2020-04-03 11:04:37,927 Command count with request id 2124639789 on server ('localhost', 27017) succeeded in 529 microseconds
2020-04-03 11:04:37,927 Command count with request id 462851407 started on server ('localhost', 27017)
2020-04-03 11:04:37,928 Command count with request id 462851407 on server ('localhost', 27017) succeeded in 535 microseconds
2020-04-03 11:04:37,928 Command count with request id 957828015 started on server ('localhost', 27017)
2020-04-03 11:04:37,929 Command count with request id 957828015 on server ('localhost', 27017) succeeded in 519 microseconds
2020-04-03 11:04:37,930 Command count with request id 678030193 started on server ('localhost', 27017)
2020-04-03 11:04:37,930 Command count with request id 678030193 on server ('localhost', 27017) succeeded in 496 microseconds
2020-04-03 11:04:37,931 Command count with request id 1105222769 started on server ('localhost', 27017)
2020-04-03 11:04:37,931 Command count with request id 1105222769 on server ('localhost', 27017) succeeded in 510 microseconds
2020-04-03 11:04:37,932 Command count with request id 1893015680 started on server ('localhost', 27017)
2020-04-03 11:04:37,932 Command count with request id 1893015680 on server ('localhost', 27017) succeeded in 590 microseconds
2020-04-03 11:04:37,933 Command count with request id 944303455 started on server ('localhost', 27017)
2020-04-03 11:04:37,934 Command count with request id 944303455 on server ('localhost', 27017) succeeded in 670 microseconds
2020-04-03 11:04:37,934 Command count with request id 1004016855 started on server ('localhost', 27017)
2020-04-03 11:04:37,935 Command count with request id 1004016855 on server ('localhost', 27017) succeeded in 535 microseconds
2020-04-03 11:04:37,935 Command count with request id 1732267506 started on server ('localhost', 27017)
2020-04-03 11:04:37,936 Command count with request id 1732267506 on server ('localhost', 27017) succeeded in 475 microseconds
2020-04-03 11:04:37,936 Command count with request id 784170963 started on server ('localhost', 27017)
2020-04-03 11:04:37,937 Command count with request id 784170963 on server ('localhost', 27017) succeeded in 553 microseconds
2020-04-03 11:04:37,937 Command count with request id 454233502 started on server ('localhost', 27017)
2020-04-03 11:04:37,938 Command count with request id 454233502 on server ('localhost', 27017) succeeded in 505 microseconds
2020-04-03 11:04:37,938 Command count with request id 2145586676 started on server ('localhost', 27017)
2020-04-03 11:04:37,939 Command count with request id 2145586676 on server ('localhost', 27017) succeeded in 484 microseconds
2020-04-03 11:04:37,939 Command count with request id 329863108 started on server ('localhost', 27017)
2020-04-03 11:04:37,940 Command count with request id 329863108 on server ('localhost', 27017) succeeded in 510 microseconds
2020-04-03 11:04:37,941 Command count with request id 1353963249 started on server ('localhost', 27017)
2020-04-03 11:04:37,941 Command count with request id 1353963249 on server ('localhost', 27017) succeeded in 515 microseconds
2020-04-03 11:04:37,942 Command count with request id 1323602331 started on server ('localhost', 27017)
2020-04-03 11:04:37,942 Command count with request id 1323602331 on server ('localhost', 27017) succeeded in 494 microseconds
2020-04-03 11:04:37,943 Command count with request id 1277844 started on server ('localhost', 27017)
2020-04-03 11:04:37,943 Command count with request id 1277844 on server ('localhost', 27017) succeeded in 499 microseconds
2020-04-03 11:04:37,944 Command count with request id 1887638 started on server ('localhost', 27017)
2020-04-03 11:04:37,944 Command count with request id 1887638 on server ('localhost', 27017) succeeded in 510 microseconds
2020-04-03 11:04:37,945 Command count with request id 1660760808 started on server ('localhost', 27017)
2020-04-03 11:04:37,945 Command count with request id 1660760808 on server ('localhost', 27017) succeeded in 540 microseconds
2020-04-03 11:04:37,946 Command count with request id 1561939997 started on server ('localhost', 27017)
2020-04-03 11:04:37,947 Command count with request id 1561939997 on server ('localhost', 27017) succeeded in 577 microseconds
2020-04-03 11:04:37,947 Command count with request id 685428651 started on server ('localhost', 27017)
2020-04-03 11:04:37,948 Command count with request id 685428651 on server ('localhost', 27017) succeeded in 483 microseconds
2020-04-03 11:04:37,948 Command count with request id 897054849 started on server ('localhost', 27017)
2020-04-03 11:04:37,949 Command count with request id 897054849 on server ('localhost', 27017) succeeded in 530 microseconds
2020-04-03 11:04:37,949 Command count with request id 1465645203 started on server ('localhost', 27017)
2020-04-03 11:04:37,950 Command count with request id 1465645203 on server ('localhost', 27017) succeeded in 528 microseconds
2020-04-03 11:04:37,951 Command count with request id 1461495731 started on server ('localhost', 27017)
2020-04-03 11:04:37,951 Command count with request id 1461495731 on server ('localhost', 27017) succeeded in 605 microseconds
2020-04-03 11:04:37,952 Command count with request id 440796531 started on server ('localhost', 27017)
2020-04-03 11:04:37,953 Command count with request id 440796531 on server ('localhost', 27017) succeeded in 939 microseconds
2020-04-03 11:04:37,954 Command count with request id 1796198014 started on server ('localhost', 27017)
2020-04-03 11:04:37,954 Command count with request id 1796198014 on server ('localhost', 27017) succeeded in 536 microseconds
2020-04-03 11:04:37,955 Command count with request id 1522395419 started on server ('localhost', 27017)
2020-04-03 11:04:37,956 Command count with request id 1522395419 on server ('localhost', 27017) succeeded in 515 microseconds
2020-04-03 11:04:37,956 Command count with request id 1779636775 started on server ('localhost', 27017)
2020-04-03 11:04:37,957 Command count with request id 1779636775 on server ('localhost', 27017) succeeded in 510 microseconds
2020-04-03 11:04:37,957 Command count with request id 203042009 started on server ('localhost', 27017)
2020-04-03 11:04:37,958 Command count with request id 203042009 on server ('localhost', 27017) succeeded in 509 microseconds
2020-04-03 11:04:37,958 Command count with request id 175530180 started on server ('localhost', 27017)
2020-04-03 11:04:37,959 Command count with request id 175530180 on server ('localhost', 27017) succeeded in 526 microseconds
2020-04-03 11:04:37,959 Command count with request id 1640687929 started on server ('localhost', 27017)
2020-04-03 11:04:37,960 Command count with request id 1640687929 on server ('localhost', 27017) succeeded in 515 microseconds
2020-04-03 11:04:37,960 Command count with request id 1351995223 started on server ('localhost', 27017)
2020-04-03 11:04:37,961 Command count with request id 1351995223 on server ('localhost', 27017) succeeded in 509 microseconds
2020-04-03 11:04:37,961 Command count with request id 459244054 started on server ('localhost', 27017)
2020-04-03 11:04:37,962 Command count with request id 459244054 on server ('localhost', 27017) succeeded in 481 microseconds
2020-04-03 11:04:37,962 Command count with request id 458588260 started on server ('localhost', 27017)
2020-04-03 11:04:37,963 Command count with request id 458588260 on server ('localhost', 27017) succeeded in 501 microseconds
2020-04-03 11:04:37,963 Command count with request id 174076737 started on server ('localhost', 27017)
2020-04-03 11:04:37,964 Command count with request id 174076737 on server ('localhost', 27017) succeeded in 524 microseconds
2020-04-03 11:04:37,965 Command count with request id 834991545 started on server ('localhost', 27017)
2020-04-03 11:04:37,965 Command count with request id 834991545 on server ('localhost', 27017) succeeded in 503 microseconds
2020-04-03 11:04:37,966 Command count with request id 2044747317 started on server ('localhost', 27017)
2020-04-03 11:04:37,966 Command count with request id 2044747317 on server ('localhost', 27017) succeeded in 505 microseconds
2020-04-03 11:04:37,967 Command count with request id 2034837525 started on server ('localhost', 27017)
2020-04-03 11:04:37,967 Command count with request id 2034837525 on server ('localhost', 27017) succeeded in 592 microseconds
2020-04-03 11:04:37,968 Command count with request id 837204200 started on server ('localhost', 27017)
2020-04-03 11:04:37,969 Command count with request id 837204200 on server ('localhost', 27017) succeeded in 540 microseconds
2020-04-03 11:04:37,969 Command count with request id 578134256 started on server ('localhost', 27017)
2020-04-03 11:04:37,970 Command count with request id 578134256 on server ('localhost', 27017) succeeded in 490 microseconds
2020-04-03 11:04:37,970 Command count with request id 1486421564 started on server ('localhost', 27017)
2020-04-03 11:04:37,971 Command count with request id 1486421564 on server ('localhost', 27017) succeeded in 545 microseconds
2020-04-03 11:04:37,971 Command count with request id 609960597 started on server ('localhost', 27017)
2020-04-03 11:04:37,972 Command count with request id 609960597 on server ('localhost', 27017) succeeded in 515 microseconds
2020-04-03 11:04:37,972 Command count with request id 1668306648 started on server ('localhost', 27017)
2020-04-03 11:04:37,973 Command count with request id 1668306648 on server ('localhost', 27017) succeeded in 516 microseconds
2020-04-03 11:04:37,973 Command count with request id 1683337704 started on server ('localhost', 27017)
2020-04-03 11:04:37,974 Command count with request id 1683337704 on server ('localhost', 27017) succeeded in 510 microseconds
2020-04-03 11:04:37,975 Command count with request id 907225550 started on server ('localhost', 27017)
2020-04-03 11:04:37,975 Command count with request id 907225550 on server ('localhost', 27017) succeeded in 518 microseconds
2020-04-03 11:04:37,976 Command count with request id 605925150 started on server ('localhost', 27017)
2020-04-03 11:04:37,977 Command count with request id 605925150 on server ('localhost', 27017) succeeded in 567 microseconds
2020-04-03 11:04:37,977 Command count with request id 416541976 started on server ('localhost', 27017)
2020-04-03 11:04:37,978 Command count with request id 416541976 on server ('localhost', 27017) succeeded in 569 microseconds
2020-04-03 11:04:37,978 Command count with request id 24301412 started on server ('localhost', 27017)
2020-04-03 11:04:37,979 Command count with request id 24301412 on server ('localhost', 27017) succeeded in 524 microseconds
2020-04-03 11:04:37,979 Command count with request id 411938554 started on server ('localhost', 27017)
2020-04-03 11:04:37,980 Command count with request id 411938554 on server ('localhost', 27017) succeeded in 506 microseconds
2020-04-03 11:04:37,981 Command count with request id 2111482797 started on server ('localhost', 27017)
2020-04-03 11:04:37,981 Command count with request id 2111482797 on server ('localhost', 27017) succeeded in 479 microseconds
2020-04-03 11:04:37,982 Command count with request id 524102504 started on server ('localhost', 27017)
2020-04-03 11:04:37,982 Command count with request id 524102504 on server ('localhost', 27017) succeeded in 481 microseconds
2020-04-03 11:04:37,983 Command count with request id 1760348381 started on server ('localhost', 27017)
2020-04-03 11:04:37,983 Command count with request id 1760348381 on server ('localhost', 27017) succeeded in 508 microseconds
2020-04-03 11:04:37,984 Command count with request id 293034748 started on server ('localhost', 27017)
2020-04-03 11:04:37,984 Command count with request id 293034748 on server ('localhost', 27017) succeeded in 510 microseconds
2020-04-03 11:04:37,985 Command count with request id 855007065 started on server ('localhost', 27017)
2020-04-03 11:04:37,986 Command count with request id 855007065 on server ('localhost', 27017) succeeded in 891 microseconds
2020-04-03 11:04:37,987 Command count with request id 1290659378 started on server ('localhost', 27017)
2020-04-03 11:04:37,987 Command count with request id 1290659378 on server ('localhost', 27017) succeeded in 530 microseconds
2020-04-03 11:04:37,988 Command count with request id 379847699 started on server ('localhost', 27017)
2020-04-03 11:04:37,988 Command count with request id 379847699 on server ('localhost', 27017) succeeded in 582 microseconds
2020-04-03 11:04:37,989 Command count with request id 1778878209 started on server ('localhost', 27017)
2020-04-03 11:04:37,989 Command count with request id 1778878209 on server ('localhost', 27017) succeeded in 478 microseconds
2020-04-03 11:04:37,990 Command count with request id 338725129 started on server ('localhost', 27017)
2020-04-03 11:04:37,990 Command count with request id 338725129 on server ('localhost', 27017) succeeded in 478 microseconds
2020-04-03 11:04:37,991 Command count with request id 2121578553 started on server ('localhost', 27017)
2020-04-03 11:04:37,991 Command count with request id 2121578553 on server ('localhost', 27017) succeeded in 479 microseconds
2020-04-03 11:04:37,992 Command count with request id 552265483 started on server ('localhost', 27017)
2020-04-03 11:04:37,993 Command count with request id 552265483 on server ('localhost', 27017) succeeded in 560 microseconds
2020-04-03 11:04:37,993 Command count with request id 501650447 started on server ('localhost', 27017)
2020-04-03 11:04:37,994 Command count with request id 501650447 on server ('localhost', 27017) succeeded in 517 microseconds
2020-04-03 11:04:37,994 Command count with request id 218264607 started on server ('localhost', 27017)
2020-04-03 11:04:37,995 Command count with request id 218264607 on server ('localhost', 27017) succeeded in 510 microseconds
2020-04-03 11:04:37,995 Command count with request id 471180773 started on server ('localhost', 27017)
2020-04-03 11:04:37,996 Command count with request id 471180773 on server ('localhost', 27017) succeeded in 480 microseconds
2020-04-03 11:04:37,996 Command count with request id 1363045322 started on server ('localhost', 27017)
2020-04-03 11:04:37,997 Command count with request id 1363045322 on server ('localhost', 27017) succeeded in 497 microseconds
2020-04-03 11:04:37,997 Command count with request id 1494664305 started on server ('localhost', 27017)
2020-04-03 11:04:37,998 Command count with request id 1494664305 on server ('localhost', 27017) succeeded in 532 microseconds
2020-04-03 11:04:37,998 Command count with request id 1706755176 started on server ('localhost', 27017)
2020-04-03 11:04:37,999 Command count with request id 1706755176 on server ('localhost', 27017) succeeded in 497 microseconds
2020-04-03 11:04:37,999 Command count with request id 1495170053 started on server ('localhost', 27017)
2020-04-03 11:04:38,000 Command count with request id 1495170053 on server ('localhost', 27017) succeeded in 764 microseconds
2020-04-03 11:04:38,001 Command count with request id 1616927224 started on server ('localhost', 27017)
2020-04-03 11:04:38,002 Command count with request id 1616927224 on server ('localhost', 27017) succeeded in 680 microseconds
2020-04-03 11:04:38,003 Command count with request id 1437784630 started on server ('localhost', 27017)
2020-04-03 11:04:38,003 Command count with request id 1437784630 on server ('localhost', 27017) succeeded in 608 microseconds
2020-04-03 11:04:38,004 Command count with request id 1360280366 started on server ('localhost', 27017)
2020-04-03 11:04:38,005 Command count with request id 1360280366 on server ('localhost', 27017) succeeded in 552 microseconds
2020-04-03 11:04:38,005 Command count with request id 121205400 started on server ('localhost', 27017)
2020-04-03 11:04:38,006 Command count with request id 121205400 on server ('localhost', 27017) succeeded in 531 microseconds
2020-04-03 11:04:38,006 Command count with request id 1284660444 started on server ('localhost', 27017)
2020-04-03 11:04:38,007 Command count with request id 1284660444 on server ('localhost', 27017) succeeded in 724 microseconds
2020-04-03 11:04:38,008 Command count with request id 487495370 started on server ('localhost', 27017)
2020-04-03 11:04:38,008 Command count with request id 487495370 on server ('localhost', 27017) succeeded in 537 microseconds
2020-04-03 11:04:38,009 Command count with request id 684570285 started on server ('localhost', 27017)
2020-04-03 11:04:38,009 Command count with request id 684570285 on server ('localhost', 27017) succeeded in 513 microseconds
2020-04-03 11:04:38,010 Command count with request id 1502883016 started on server ('localhost', 27017)
2020-04-03 11:04:38,010 Command count with request id 1502883016 on server ('localhost', 27017) succeeded in 501 microseconds
2020-04-03 11:04:38,011 Command count with request id 252193898 started on server ('localhost', 27017)
2020-04-03 11:04:38,011 Command count with request id 252193898 on server ('localhost', 27017) succeeded in 482 microseconds
2020-04-03 11:04:38,012 Command count with request id 1637608155 started on server ('localhost', 27017)
2020-04-03 11:04:38,012 Command count with request id 1637608155 on server ('localhost', 27017) succeeded in 497 microseconds
2020-04-03 11:04:38,013 Command count with request id 1129841133 started on server ('localhost', 27017)
2020-04-03 11:04:38,014 Command count with request id 1129841133 on server ('localhost', 27017) succeeded in 526 microseconds
2020-04-03 11:04:38,014 Command count with request id 1189515557 started on server ('localhost', 27017)
2020-04-03 11:04:38,015 Command count with request id 1189515557 on server ('localhost', 27017) succeeded in 496 microseconds
2020-04-03 11:04:38,015 Command count with request id 1262696576 started on server ('localhost', 27017)
2020-04-03 11:04:38,016 Command count with request id 1262696576 on server ('localhost', 27017) succeeded in 533 microseconds
2020-04-03 11:04:38,016 Command count with request id 707953178 started on server ('localhost', 27017)
2020-04-03 11:04:38,017 Command count with request id 707953178 on server ('localhost', 27017) succeeded in 518 microseconds
2020-04-03 11:04:38,017 Command count with request id 1509658266 started on server ('localhost', 27017)
2020-04-03 11:04:38,018 Command count with request id 1509658266 on server ('localhost', 27017) succeeded in 655 microseconds
2020-04-03 11:04:38,019 Command count with request id 307187357 started on server ('localhost', 27017)
2020-04-03 11:04:38,020 Command count with request id 307187357 on server ('localhost', 27017) succeeded in 720 microseconds
2020-04-03 11:04:38,020 Command count with request id 347221711 started on server ('localhost', 27017)
2020-04-03 11:04:38,021 Command count with request id 347221711 on server ('localhost', 27017) succeeded in 527 microseconds
2020-04-03 11:04:38,022 Command count with request id 1042227878 started on server ('localhost', 27017)
2020-04-03 11:04:38,022 Command count with request id 1042227878 on server ('localhost', 27017) succeeded in 540 microseconds
2020-04-03 11:04:38,023 Command count with request id 1847320614 started on server ('localhost', 27017)
2020-04-03 11:04:38,023 Command count with request id 1847320614 on server ('localhost', 27017) succeeded in 485 microseconds
2020-04-03 11:04:38,024 Command count with request id 1746474819 started on server ('localhost', 27017)
2020-04-03 11:04:38,024 Command count with request id 1746474819 on server ('localhost', 27017) succeeded in 481 microseconds
2020-04-03 11:04:38,025 Command count with request id 1195795737 started on server ('localhost', 27017)
2020-04-03 11:04:38,025 Command count with request id 1195795737 on server ('localhost', 27017) succeeded in 562 microseconds
2020-04-03 11:04:38,026 Command count with request id 1586983133 started on server ('localhost', 27017)
2020-04-03 11:04:38,026 Command count with request id 1586983133 on server ('localhost', 27017) succeeded in 510 microseconds
2020-04-03 11:04:38,027 Command count with request id 678620591 started on server ('localhost', 27017)
2020-04-03 11:04:38,028 Command count with request id 678620591 on server ('localhost', 27017) succeeded in 501 microseconds
2020-04-03 11:04:38,028 Command count with request id 290623720 started on server ('localhost', 27017)
2020-04-03 11:04:38,029 Command count with request id 290623720 on server ('localhost', 27017) succeeded in 555 microseconds
2020-04-03 11:04:38,029 Command count with request id 1135048762 started on server ('localhost', 27017)
2020-04-03 11:04:38,030 Command count with request id 1135048762 on server ('localhost', 27017) succeeded in 514 microseconds
2020-04-03 11:04:38,030 Command count with request id 667306633 started on server ('localhost', 27017)
2020-04-03 11:04:38,031 Command count with request id 667306633 on server ('localhost', 27017) succeeded in 506 microseconds
2020-04-03 11:04:38,031 Command count with request id 1262976197 started on server ('localhost', 27017)
2020-04-03 11:04:38,032 Command count with request id 1262976197 on server ('localhost', 27017) succeeded in 506 microseconds
2020-04-03 11:04:38,032 Command count with request id 1112576031 started on server ('localhost', 27017)
2020-04-03 11:04:38,033 Command count with request id 1112576031 on server ('localhost', 27017) succeeded in 510 microseconds
2020-04-03 11:04:38,033 Command count with request id 925238588 started on server ('localhost', 27017)
2020-04-03 11:04:38,034 Command count with request id 925238588 on server ('localhost', 27017) succeeded in 653 microseconds
2020-04-03 11:04:38,035 Command count with request id 555860589 started on server ('localhost', 27017)
2020-04-03 11:04:38,035 Command count with request id 555860589 on server ('localhost', 27017) succeeded in 658 microseconds
2020-04-03 11:04:38,036 Command count with request id 795054873 started on server ('localhost', 27017)
2020-04-03 11:04:38,036 Command count with request id 795054873 on server ('localhost', 27017) succeeded in 491 microseconds
2020-04-03 11:04:38,037 Command count with request id 843998877 started on server ('localhost', 27017)
2020-04-03 11:04:38,038 Command count with request id 843998877 on server ('localhost', 27017) succeeded in 519 microseconds
2020-04-03 11:04:38,038 Command count with request id 959637304 started on server ('localhost', 27017)
2020-04-03 11:04:38,039 Command count with request id 959637304 on server ('localhost', 27017) succeeded in 561 microseconds
2020-04-03 11:04:38,039 Command count with request id 1021979358 started on server ('localhost', 27017)
2020-04-03 11:04:38,040 Command count with request id 1021979358 on server ('localhost', 27017) succeeded in 513 microseconds
2020-04-03 11:04:38,040 Command count with request id 832861200 started on server ('localhost', 27017)
2020-04-03 11:04:38,041 Command count with request id 832861200 on server ('localhost', 27017) succeeded in 504 microseconds
2020-04-03 11:04:38,041 Command count with request id 599777254 started on server ('localhost', 27017)
2020-04-03 11:04:38,042 Command count with request id 599777254 on server ('localhost', 27017) succeeded in 506 microseconds
2020-04-03 11:04:38,042 Command count with request id 168068960 started on server ('localhost', 27017)
2020-04-03 11:04:38,043 Command count with request id 168068960 on server ('localhost', 27017) succeeded in 508 microseconds
2020-04-03 11:04:38,043 Command count with request id 794014915 started on server ('localhost', 27017)
2020-04-03 11:04:38,044 Command count with request id 794014915 on server ('localhost', 27017) succeeded in 506 microseconds
2020-04-03 11:04:38,044 Command count with request id 545293947 started on server ('localhost', 27017)
2020-04-03 11:04:38,045 Command count with request id 545293947 on server ('localhost', 27017) succeeded in 518 microseconds
2020-04-03 11:04:38,045 Command count with request id 1442645480 started on server ('localhost', 27017)
2020-04-03 11:04:38,046 Command count with request id 1442645480 on server ('localhost', 27017) succeeded in 492 microseconds
2020-04-03 11:04:38,047 Command count with request id 1452207730 started on server ('localhost', 27017)
2020-04-03 11:04:38,047 Command count with request id 1452207730 on server ('localhost', 27017) succeeded in 495 microseconds
2020-04-03 11:04:38,048 Command count with request id 1103669955 started on server ('localhost', 27017)
2020-04-03 11:04:38,048 Command count with request id 1103669955 on server ('localhost', 27017) succeeded in 506 microseconds
2020-04-03 11:04:38,049 Command count with request id 1564674546 started on server ('localhost', 27017)
2020-04-03 11:04:38,049 Command count with request id 1564674546 on server ('localhost', 27017) succeeded in 562 microseconds
2020-04-03 11:04:38,050 Command count with request id 1547837107 started on server ('localhost', 27017)
2020-04-03 11:04:38,051 Command count with request id 1547837107 on server ('localhost', 27017) succeeded in 612 microseconds
2020-04-03 11:04:38,052 Command count with request id 2028841238 started on server ('localhost', 27017)
2020-04-03 11:04:38,052 Command count with request id 2028841238 on server ('localhost', 27017) succeeded in 550 microseconds
2020-04-03 11:04:38,053 Command count with request id 989340000 started on server ('localhost', 27017)
2020-04-03 11:04:38,053 Command count with request id 989340000 on server ('localhost', 27017) succeeded in 509 microseconds
2020-04-03 11:04:38,054 Command count with request id 2018984926 started on server ('localhost', 27017)
2020-04-03 11:04:38,054 Command count with request id 2018984926 on server ('localhost', 27017) succeeded in 545 microseconds
2020-04-03 11:04:38,056 Command count with request id 690545035 started on server ('localhost', 27017)
2020-04-03 11:04:38,057 Command count with request id 690545035 on server ('localhost', 27017) succeeded in 662 microseconds
2020-04-03 11:04:38,058 Command count with request id 988774857 started on server ('localhost', 27017)
2020-04-03 11:04:38,058 Command count with request id 988774857 on server ('localhost', 27017) succeeded in 535 microseconds
2020-04-03 11:04:38,059 Command find with request id 1110561113 started on server ('localhost', 27017)
2020-04-03 11:04:38,062 Command find with request id 1110561113 on server ('localhost', 27017) succeeded in 2845 microseconds
2020-04-03 11:04:38,063 Command getMore with request id 1420250114 started on server ('localhost', 27017)
2020-04-03 11:04:38,064 Command getMore with request id 1420250114 on server ('localhost', 27017) succeeded in 874 microseconds
2020-04-03 11:04:45,688 Command insert with request id 862929593 started on server ('localhost', 27017)
2020-04-03 11:04:45,694 Command insert with request id 862929593 on server ('localhost', 27017) succeeded in 24577 microseconds
